Start testing: Sep 03 21:33 STD
----------------------------------------------------------
1/1 Testing: check
1/1 Test: check
Command: "/home/luciferthefirstt/LuciferTheFirstt/workspace/workspace/projects/laba05/_build/check"
Directory: /home/luciferthefirstt/LuciferTheFirstt/workspace/workspace/projects/laba05/_build
"check" start time: Sep 03 21:33 STD
Output:
----------------------------------------------------------
Running main() from /home/luciferthefirstt/LuciferTheFirstt/workspace/workspace/projects/laba05/third-party/gtest/googletest/src/gtest_main.cc
[==========] Running 1 test from 1 test case.
[----------] Global test environment set-up.
[----------] 1 test from Print
[ RUN      ] Print.InFileStream
[       OK ] Print.InFileStream (2 ms)
[----------] 1 test from Print (2 ms total)

[----------] Global test environment tear-down
[==========] 1 test from 1 test case ran. (2 ms total)
[  PASSED  ] 1 test.
<end of output>
Test time =   0.02 sec
----------------------------------------------------------
Test Passed.
"check" end time: Sep 03 21:33 STD
"check" time elapsed: 00:00:00
----------------------------------------------------------

End testing: Sep 03 21:33 STD
